# JRE version: OpenJDK Runtime Environment (8.0_45-b14) (build 1.8.0_45-internal-b14)
# Java VM: OpenJDK 64-Bit Server VM (25.45-b02 mixed mode linux-amd64 compressed oops)
Heap:
 def new generation   total 7424K, used 2269K [0x00000000e8800000, 0x00000000e9000000, 0x00000000f0550000)
  eden space 6656K,  22% used [0x00000000e8800000, 0x00000000e8977728, 0x00000000e8e80000)
  from space 768K,  99% used [0x00000000e8e80000, 0x00000000e8f3fff0, 0x00000000e8f40000)
  to   space 768K,   0% used [0x00000000e8f40000, 0x00000000e8f40000, 0x00000000e9000000)
 tenured generation   total 16384K, used 1726K [0x00000000f0550000, 0x00000000f1550000, 0x0000000100000000)
   the space 16384K,  10% used [0x00000000f0550000, 0x00000000f06ff868, 0x00000000f06ffa00, 0x00000000f1550000)
 Metaspace       used 8230K, capacity 8428K, committed 8704K, reserved 1056768K
  class space    used 890K, capacity 956K, committed 1024K, reserved 1048576K
GC Heap History (4 events):
Event: 0,714 GC heap before
{Heap before GC invocations=0 (full 0):
 def new generation   total 7424K, used 6656K [0x00000000e8800000, 0x00000000e9000000, 0x00000000f0550000)
  eden space 6656K, 100% used [0x00000000e8800000, 0x00000000e8e80000, 0x00000000e8e80000)
  from space 768K,   0% used [0x00000000e8e80000, 0x00000000e8e80000, 0x00000000e8f40000)
  to   space 768K,   0% used [0x00000000e8f40000, 0x00000000e8f40000, 0x00000000e9000000)
 tenured generation   total 16384K, used 0K [0x00000000f0550000, 0x00000000f1550000, 0x0000000100000000)
   the space 16384K,   0% used [0x00000000f0550000, 0x00000000f0550000, 0x00000000f0550200, 0x00000000f1550000)
 Metaspace       used 5513K, capacity 5592K, committed 5760K, reserved 1056768K
  class space    used 582K, capacity 628K, committed 640K, reserved 1048576K
Event: 0,719 GC heap after
Heap after GC invocations=1 (full 0):
 def new generation   total 7424K, used 768K [0x00000000e8800000, 0x00000000e9000000, 0x00000000f0550000)
  eden space 6656K,   0% used [0x00000000e8800000, 0x00000000e8800000, 0x00000000e8e80000)
  from space 768K, 100% used [0x00000000e8f40000, 0x00000000e9000000, 0x00000000e9000000)
  to   space 768K,   0% used [0x00000000e8e80000, 0x00000000e8e80000, 0x00000000e8f40000)
 tenured generation   total 16384K, used 679K [0x00000000f0550000, 0x00000000f1550000, 0x0000000100000000)
   the space 16384K,   4% used [0x00000000f0550000, 0x00000000f05f9e38, 0x00000000f05fa000, 0x00000000f1550000)
 Metaspace       used 5513K, capacity 5592K, committed 5760K, reserved 1056768K
  class space    used 582K, capacity 628K, committed 640K, reserved 1048576K
}
Event: 46,487 GC heap before
{Heap before GC invocations=1 (full 0):
 def new generation   total 7424K, used 7424K [0x00000000e8800000, 0x00000000e9000000, 0x00000000f0550000)
  eden space 6656K, 100% used [0x00000000e8800000, 0x00000000e8e80000, 0x00000000e8e80000)
  from space 768K, 100% used [0x00000000e8f40000, 0x00000000e9000000, 0x00000000e9000000)
  to   space 768K,   0% used [0x00000000e8e80000, 0x00000000e8e80000, 0x00000000e8f40000)
 tenured generation   total 16384K, used 679K [0x00000000f0550000, 0x00000000f1550000, 0x0000000100000000)
   the space 16384K,   4% used [0x00000000f0550000, 0x00000000f05f9e38, 0x00000000f05fa000, 0x00000000f1550000)
 Metaspace       used 7972K, capacity 8140K, committed 8448K, reserved 1056768K
  class space    used 860K, capacity 924K, committed 1024K, reserved 1048576K
Event: 46,494 GC heap after
Heap after GC invocations=2 (full 0):
 def new generation   total 7424K, used 767K [0x00000000e8800000, 0x00000000e9000000, 0x00000000f0550000)
  eden space 6656K,   0% used [0x00000000e8800000, 0x00000000e8800000, 0x00000000e8e80000)
  from space 768K,  99% used [0x00000000e8e80000, 0x00000000e8f3fff0, 0x00000000e8f40000)
  to   space 768K,   0% used [0x00000000e8f40000, 0x00000000e8f40000, 0x00000000e9000000)
 tenured generation   total 16384K, used 1726K [0x00000000f0550000, 0x00000000f1550000, 0x0000000100000000)
   the space 16384K,  10% used [0x00000000f0550000, 0x00000000f06ff868, 0x00000000f06ffa00, 0x00000000f1550000)
 Metaspace       used 7972K, capacity 8140K, committed 8448K, reserved 1056768K
  class space    used 860K, capacity 924K, committed 1024K, reserved 1048576K
}

