# JRE version: OpenJDK Runtime Environment (8.0_45-b14) (build 1.8.0_45-internal-b14)
# Java VM: OpenJDK 64-Bit Server VM (25.45-b02 mixed mode linux-amd64 compressed oops)
Heap:
 def new generation   total 7424K, used 4633K [0x00000000e8800000, 0x00000000e9000000, 0x00000000f0550000)
  eden space 6656K,  58% used [0x00000000e8800000, 0x00000000e8bc6598, 0x00000000e8e80000)
  from space 768K,  99% used [0x00000000e8e80000, 0x00000000e8f3fff0, 0x00000000e8f40000)
  to   space 768K,   0% used [0x00000000e8f40000, 0x00000000e8f40000, 0x00000000e9000000)
 tenured generation   total 16384K, used 1733K [0x00000000f0550000, 0x00000000f1550000, 0x0000000100000000)
   the space 16384K,  10% used [0x00000000f0550000, 0x00000000f0701428, 0x00000000f0701600, 0x00000000f1550000)
 Metaspace       used 8212K, capacity 8364K, committed 8448K, reserved 1056768K
  class space    used 891K, capacity 956K, committed 1024K, reserved 1048576K
GC Heap History (4 events):
Event: 0,580 GC heap before
{Heap before GC invocations=0 (full 0):
 def new generation   total 7424K, used 6656K [0x00000000e8800000, 0x00000000e9000000, 0x00000000f0550000)
  eden space 6656K, 100% used [0x00000000e8800000, 0x00000000e8e80000, 0x00000000e8e80000)
  from space 768K,   0% used [0x00000000e8e80000, 0x00000000e8e80000, 0x00000000e8f40000)
  to   space 768K,   0% used [0x00000000e8f40000, 0x00000000e8f40000, 0x00000000e9000000)
 tenured generation   total 16384K, used 0K [0x00000000f0550000, 0x00000000f1550000, 0x0000000100000000)
   the space 16384K,   0% used [0x00000000f0550000, 0x00000000f0550000, 0x00000000f0550200, 0x00000000f1550000)
 Metaspace       used 5490K, capacity 5592K, committed 5760K, reserved 1056768K
  class space    used 582K, capacity 628K, committed 640K, reserved 1048576K
Event: 0,585 GC heap after
Heap after GC invocations=1 (full 0):
 def new generation   total 7424K, used 767K [0x00000000e8800000, 0x00000000e9000000, 0x00000000f0550000)
  eden space 6656K,   0% used [0x00000000e8800000, 0x00000000e8800000, 0x00000000e8e80000)
  from space 768K,  99% used [0x00000000e8f40000, 0x00000000e8fffff8, 0x00000000e9000000)
  to   space 768K,   0% used [0x00000000e8e80000, 0x00000000e8e80000, 0x00000000e8f40000)
 tenured generation   total 16384K, used 681K [0x00000000f0550000, 0x00000000f1550000, 0x0000000100000000)
   the space 16384K,   4% used [0x00000000f0550000, 0x00000000f05fa450, 0x00000000f05fa600, 0x00000000f1550000)
 Metaspace       used 5490K, capacity 5592K, committed 5760K, reserved 1056768K
  class space    used 582K, capacity 628K, committed 640K, reserved 1048576K
}
Event: 7,698 GC heap before
{Heap before GC invocations=1 (full 0):
 def new generation   total 7424K, used 7423K [0x00000000e8800000, 0x00000000e9000000, 0x00000000f0550000)
  eden space 6656K, 100% used [0x00000000e8800000, 0x00000000e8e80000, 0x00000000e8e80000)
  from space 768K,  99% used [0x00000000e8f40000, 0x00000000e8fffff8, 0x00000000e9000000)
  to   space 768K,   0% used [0x00000000e8e80000, 0x00000000e8e80000, 0x00000000e8f40000)
 tenured generation   total 16384K, used 681K [0x00000000f0550000, 0x00000000f1550000, 0x0000000100000000)
   the space 16384K,   4% used [0x00000000f0550000, 0x00000000f05fa450, 0x00000000f05fa600, 0x00000000f1550000)
 Metaspace       used 7939K, capacity 8140K, committed 8448K, reserved 1056768K
  class space    used 859K, capacity 924K, committed 1024K, reserved 1048576K
Event: 7,707 GC heap after
Heap after GC invocations=2 (full 0):
 def new generation   total 7424K, used 767K [0x00000000e8800000, 0x00000000e9000000, 0x00000000f0550000)
  eden space 6656K,   0% used [0x00000000e8800000, 0x00000000e8800000, 0x00000000e8e80000)
  from space 768K,  99% used [0x00000000e8e80000, 0x00000000e8f3fff0, 0x00000000e8f40000)
  to   space 768K,   0% used [0x00000000e8f40000, 0x00000000e8f40000, 0x00000000e9000000)
 tenured generation   total 16384K, used 1733K [0x00000000f0550000, 0x00000000f1550000, 0x0000000100000000)
   the space 16384K,  10% used [0x00000000f0550000, 0x00000000f0701428, 0x00000000f0701600, 0x00000000f1550000)
 Metaspace       used 7939K, capacity 8140K, committed 8448K, reserved 1056768K
  class space    used 859K, capacity 924K, committed 1024K, reserved 1048576K
}

